<?xml version="1.0" encoding="UTF-8"?>
<!-- Generated by org.testng.reporters.JUnitReportReporter -->
<testsuite hostname="DESKTOP-D4CEQKQ" failures="0" tests="1" name="TestngListener.listenermain" time="26.703" errors="0" timestamp="29 Feb 2020 06:39:20 GMT">
  <testcase classname="TestngListener.listenermain" name="googletitleverify" time="26.703"/>
</testsuite> <!-- TestngListener.listenermain -->
