<?xml version="1.0" encoding="UTF-8"?>
<!-- Generated by org.testng.reporters.JUnitReportReporter -->
<testsuite hostname="DESKTOP-D4CEQKQ" failures="0" tests="1" name="com.testing.TestCases.datadriven" time="52.493" errors="0" timestamp="29 Feb 2020 06:44:03 GMT">
  <testcase classname="com.testing.TestCases.datadriven" name="fieread" time="52.493"/>
</testsuite> <!-- com.testing.TestCases.datadriven -->
